nohup: ignoring input
Exception in thread Thread-3:
Traceback (most recent call last):
  File "/usr/lib/python2.7/threading.py", line 810, in __bootstrap_inner
    self.run()
  File "/usr/lib/python2.7/threading.py", line 763, in run
    self.__target(*self.__args, **self.__kwargs)
  File "crawler.py", line 76, in crawler_shop_thread
    shop_title = page.xpath(SHOP_NAME_XPATH)[0].strip()
IndexError: list index out of range

Exception in thread Thread-1:
Traceback (most recent call last):
  File "/usr/lib/python2.7/threading.py", line 810, in __bootstrap_inner
    self.run()
  File "/usr/lib/python2.7/threading.py", line 763, in run
    self.__target(*self.__args, **self.__kwargs)
  File "crawler.py", line 76, in crawler_shop_thread
    shop_title = page.xpath(SHOP_NAME_XPATH)[0].strip()
IndexError: list index out of range

Exception in thread Thread-2:
Traceback (most recent call last):
  File "/usr/lib/python2.7/threading.py", line 810, in __bootstrap_inner
    self.run()
  File "/usr/lib/python2.7/threading.py", line 763, in run
    self.__target(*self.__args, **self.__kwargs)
  File "crawler.py", line 76, in crawler_shop_thread
    shop_title = page.xpath(SHOP_NAME_XPATH)[0].strip()
IndexError: list index out of range

nohup: ignoring input
