in test score all sort sum:4072 count:1000 avg:4.072000
----------------------start------------------------------- 30
----------------------model:arts.txt---------------
inputTrainFile: ./train/arts.txt
userCount: 988
itemCount: 218
speed: 0.001
globalBaise: 4.072
regUser: 0.001
regItem: 0.001
regBaise: 0.001
CONST_K: 10
correctCount: 0
trainCount: 1000
userV: 879 [ 0.38250108 -0.09104547 -0.46115505  0.30602488  0.32235693  0.23061801
  0.20827291  0.22908779 -0.17799682  0.23804104]
userV: 931 [ 0.30217356 -0.0228401  -0.27316361 -0.18905159  0.48733099 -0.13460268
  0.14348661  0.20524874  0.1277605  -0.27018616]
userV: 71 [ 0.19711157 -0.29837531 -0.26599474  0.22679938  0.43154314  0.48947588
  0.47124339  0.30408636  0.32534606  0.21477083]
userV: 731 [ 0.25878718  0.46895609  0.04026469 -0.00392546 -0.06799786  0.22017805
  0.45386425 -0.23947693 -0.28090351  0.15013823]
userV: 62 [ 0.42656042 -0.12797927  0.04149472 -0.37021622  0.23613478 -0.1858537
  0.33954475  0.30920336  0.22085791  0.44831493]
userV: 668 [-0.24298112  0.42403328 -0.36491569 -0.04352024  0.45758571 -0.24279634
 -0.46100564 -0.15027059 -0.10845246 -0.15849754]
userV: 388 [ 0.03812677  0.16992994  0.43465151  0.45597649  0.14681328 -0.48626541
  0.06219545  0.10498225 -0.06108309 -0.01631063]
userV: 218 [-0.25392716  0.34237014  0.22666354 -0.26793976  0.4077204  -0.24196135
 -0.43008863 -0.31517671 -0.45410166 -0.13600409]
userV: 546 [-0.1771133   0.22219965  0.0073143  -0.17748616  0.05099866  0.46504788
  0.47454393  0.14504141  0.41094791 -0.07855117]
userV: 106 [-0.36743749  0.47538569  0.16789221 -0.36829912 -0.14850785  0.23077783
 -0.02052298 -0.15998727 -0.44041154 -0.26630349]
itemV: 119 [-0.04014685 -0.46735642 -0.31352574  0.38647347 -0.23231519  0.18260879
 -0.02705044 -0.01930325  0.15502619 -0.45217549]
itemV: 123 [ 0.05541714 -0.36960229  0.17509397 -0.00481282  0.04415568  0.34436522
 -0.22838425  0.44716606 -0.08834929 -0.15531106]
itemV: 185 [-0.41880005  0.09049616 -0.10543825 -0.07894989 -0.08856345 -0.37271284
 -0.2194716   0.24840561 -0.47924301  0.04125451]
itemV: 73 [ 0.48843684  0.26549389 -0.41791289 -0.4559736   0.11569959 -0.29435782
 -0.10339961 -0.45641062  0.01984293 -0.42779074]
itemV: 111 [-0.35401004 -0.08142268  0.39003347 -0.31089908  0.37712429  0.13107409
 -0.15514166 -0.21714664  0.32005332  0.15652694]
itemV: 145 [-0.42031725 -0.15617636  0.37027896 -0.10483319  0.49008296  0.47924206
 -0.0977268  -0.36777424 -0.31223397  0.00871538]
itemV: 30 [ 0.1706784  -0.13503051 -0.06234767  0.46412604  0.06778084  0.09895841
  0.19740713  0.16689114 -0.01975381 -0.12357877]
itemV: 118 [-0.49335837  0.18772544  0.33202705 -0.04152149  0.30662775 -0.07664325
 -0.32646428  0.30607778 -0.39003475 -0.25654846]
itemV: 196 [ 0.42206041  0.42277644  0.06474135 -0.38646531 -0.44052574 -0.33989464
  0.32097844 -0.19207806 -0.21353664 -0.18768416]
itemV: 183 [ 0.22451523 -0.3470233   0.08049052 -0.142998    0.22852949 -0.28340837
  0.23790701 -0.12365721  0.46101078 -0.07539793]
userBaise: 467 0.115644303003
userBaise: 799 -0.227832648291
userBaise: 383 -0.227306145931
userBaise: 366 -0.0969781286469
userBaise: 254 0.236601340931
userBaise: 62 0.0958237136903
userBaise: 235 -0.143108379089
userBaise: 830 0.0778629782508
userBaise: 681 0.0660816620801
userBaise: 418 0.132239218345
itemBaise: 79 -0.119506478775
itemBaise: 123 0.248716710423
itemBaise: 30 -0.209045808983
itemBaise: 119 0.00833450034461
itemBaise: 4 0.245172184595
itemBaise: 17 -0.16018648089
itemBaise: 180 0.029488276845
itemBaise: 138 -0.0403275675666
itemBaise: 101 -0.244930753848
itemBaise: 27 -0.18225368374
i-th:0,user>>>change:       1,trainCost:   1.9597
i-th:0,item>>>change:       1,trainCost:   1.9558
i-th:0,item>>>change:       1,trainCost:   1.9519
i-th:0,bais>>>change:      10,trainCost:   1.9310
i-th:0,bais>>>change:       9,trainCost:   1.9115
i-th:0,bais>>>change:       9,trainCost:   1.8932
i-th:0,bais>>>change:       8,trainCost:   1.8760
i-th:0,bais>>>change:       8,trainCost:   1.8598
i-th:1,user>>>change:       1,trainCost:   1.8566
i-th:1,item>>>change:       1,trainCost:   1.8529
i-th:1,item>>>change:       1,trainCost:   1.8493
i-th:1,bais>>>change:       7,trainCost:   1.8339
i-th:1,bais>>>change:       7,trainCost:   1.8193
i-th:1,bais>>>change:       7,trainCost:   1.8053
i-th:1,bais>>>change:       6,trainCost:   1.7918
i-th:1,bais>>>change:       6,trainCost:   1.7788
i-th:2,user>>>change:       1,trainCost:   1.7758
i-th:2,item>>>change:       1,trainCost:   1.7724
i-th:2,item>>>change:       1,trainCost:   1.7690
i-th:2,bais>>>change:       6,trainCost:   1.7566
i-th:2,bais>>>change:       6,trainCost:   1.7446
i-th:2,bais>>>change:       5,trainCost:   1.7330
i-th:2,bais>>>change:       5,trainCost:   1.7217
i-th:2,bais>>>change:       5,trainCost:   1.7108
i-th:3,user>>>change:       1,trainCost:   1.7079
i-th:3,item>>>change:       1,trainCost:   1.7047
i-th:3,item>>>change:       1,trainCost:   1.7015
i-th:3,bais>>>change:       5,trainCost:   1.6909
i-th:3,bais>>>change:       5,trainCost:   1.6807
i-th:3,bais>>>change:       5,trainCost:   1.6707
i-th:3,bais>>>change:       4,trainCost:   1.6609
i-th:3,bais>>>change:       4,trainCost:   1.6515
i-th:4,user>>>change:       1,trainCost:   1.6487
i-th:4,item>>>change:       1,trainCost:   1.6456
i-th:4,item>>>change:       1,trainCost:   1.6426
i-th:4,bais>>>change:       4,trainCost:   1.6334
i-th:4,bais>>>change:       4,trainCost:   1.6244
i-th:4,bais>>>change:       4,trainCost:   1.6156
i-th:4,bais>>>change:       4,trainCost:   1.6070
i-th:4,bais>>>change:       4,trainCost:   1.5986
i-th:5,user>>>change:       1,trainCost:   1.5960
i-th:5,item>>>change:       1,trainCost:   1.5930
i-th:5,item>>>change:       1,trainCost:   1.5901
i-th:5,bais>>>change:       4,trainCost:   1.5819
i-th:5,bais>>>change:       4,trainCost:   1.5739
i-th:5,bais>>>change:       3,trainCost:   1.5661
i-th:5,bais>>>change:       3,trainCost:   1.5584
i-th:5,bais>>>change:       3,trainCost:   1.5509
i-th:6,user>>>change:       1,trainCost:   1.5484
i-th:6,item>>>change:       1,trainCost:   1.5456
i-th:6,item>>>change:       1,trainCost:   1.5428
i-th:6,bais>>>change:       3,trainCost:   1.5354
i-th:6,bais>>>change:       3,trainCost:   1.5282
i-th:6,bais>>>change:       3,trainCost:   1.5212
i-th:6,bais>>>change:       3,trainCost:   1.5142
i-th:6,bais>>>change:       3,trainCost:   1.5074
i-th:7,user>>>change:       1,trainCost:   1.5050
i-th:7,item>>>change:       1,trainCost:   1.5023
i-th:7,item>>>change:       1,trainCost:   1.4996
i-th:7,bais>>>change:       3,trainCost:   1.4929
i-th:7,bais>>>change:       3,trainCost:   1.4864
i-th:7,bais>>>change:       3,trainCost:   1.4800
i-th:7,bais>>>change:       3,trainCost:   1.4736
i-th:7,bais>>>change:       3,trainCost:   1.4674
i-th:8,user>>>change:       1,trainCost:   1.4650
i-th:8,item>>>change:       1,trainCost:   1.4624
i-th:8,item>>>change:       1,trainCost:   1.4599
i-th:8,bais>>>change:       3,trainCost:   1.4538
i-th:8,bais>>>change:       3,trainCost:   1.4478
i-th:8,bais>>>change:       2,trainCost:   1.4419
i-th:8,bais>>>change:       2,trainCost:   1.4361
i-th:8,bais>>>change:       2,trainCost:   1.4303
i-th:9,user>>>change:       1,trainCost:   1.4280
i-th:9,item>>>change:       1,trainCost:   1.4256
i-th:9,item>>>change:       1,trainCost:   1.4231
i-th:9,bais>>>change:       2,trainCost:   1.4175
i-th:9,bais>>>change:       2,trainCost:   1.4119
i-th:9,bais>>>change:       2,trainCost:   1.4065
i-th:9,bais>>>change:       2,trainCost:   1.4011
i-th:9,bais>>>change:       2,trainCost:   1.3958
i-th:10,user>>>change:       1,trainCost:   1.3935
i-th:10,item>>>change:       1,trainCost:   1.3911
i-th:10,item>>>change:       1,trainCost:   1.3887
i-th:10,bais>>>change:       2,trainCost:   1.3835
i-th:10,bais>>>change:       2,trainCost:   1.3784
i-th:10,bais>>>change:       2,trainCost:   1.3733
i-th:10,bais>>>change:       2,trainCost:   1.3683
i-th:10,bais>>>change:       2,trainCost:   1.3633
i-th:11,user>>>change:       1,trainCost:   1.3612
i-th:11,item>>>change:       1,trainCost:   1.3588
i-th:11,item>>>change:       1,trainCost:   1.3565
i-th:11,bais>>>change:       2,trainCost:   1.3517
i-th:11,bais>>>change:       2,trainCost:   1.3469
i-th:11,bais>>>change:       2,trainCost:   1.3421
i-th:11,bais>>>change:       2,trainCost:   1.3374
i-th:11,bais>>>change:       2,trainCost:   1.3327
i-th:12,user>>>change:       1,trainCost:   1.3306
i-th:12,item>>>change:       1,trainCost:   1.3284
i-th:12,item>>>change:       1,trainCost:   1.3262
i-th:12,bais>>>change:       2,trainCost:   1.3216
i-th:12,bais>>>change:       2,trainCost:   1.3171
i-th:12,bais>>>change:       2,trainCost:   1.3126
i-th:12,bais>>>change:       2,trainCost:   1.3081
i-th:12,bais>>>change:       2,trainCost:   1.3037
i-th:13,user>>>change:       1,trainCost:   1.3017
i-th:13,item>>>change:       1,trainCost:   1.2995
i-th:13,item>>>change:       1,trainCost:   1.2974
i-th:13,bais>>>change:       2,trainCost:   1.2930
i-th:13,bais>>>change:       2,trainCost:   1.2888
i-th:13,bais>>>change:       2,trainCost:   1.2845
i-th:13,bais>>>change:       2,trainCost:   1.2803
i-th:13,bais>>>change:       2,trainCost:   1.2762
i-th:14,user>>>change:       1,trainCost:   1.2742
i-th:14,item>>>change:       1,trainCost:   1.2720
i-th:14,item>>>change:       1,trainCost:   1.2700
i-th:14,bais>>>change:       2,trainCost:   1.2659
i-th:14,bais>>>change:       2,trainCost:   1.2618
i-th:14,bais>>>change:       2,trainCost:   1.2578
i-th:14,bais>>>change:       1,trainCost:   1.2538
i-th:14,bais>>>change:       1,trainCost:   1.2498
i-th:15,user>>>change:       0,trainCost:   1.2479
i-th:15,item>>>change:       1,trainCost:   1.2458
i-th:15,item>>>change:       1,trainCost:   1.2438
i-th:15,bais>>>change:       1,trainCost:   1.2399
i-th:15,bais>>>change:       1,trainCost:   1.2360
i-th:15,bais>>>change:       1,trainCost:   1.2322
i-th:15,bais>>>change:       1,trainCost:   1.2284
i-th:15,bais>>>change:       1,trainCost:   1.2246
i-th:16,user>>>change:       0,trainCost:   1.2227
i-th:16,item>>>change:       0,trainCost:   1.2207
i-th:16,item>>>change:       0,trainCost:   1.2187
i-th:16,bais>>>change:       1,trainCost:   1.2150
i-th:16,bais>>>change:       1,trainCost:   1.2113
i-th:16,bais>>>change:       1,trainCost:   1.2076
i-th:16,bais>>>change:       1,trainCost:   1.2040
i-th:16,bais>>>change:       1,trainCost:   1.2003
i-th:17,user>>>change:       0,trainCost:   1.1985
i-th:17,item>>>change:       0,trainCost:   1.1965
i-th:17,item>>>change:       0,trainCost:   1.1946
i-th:17,bais>>>change:       1,trainCost:   1.1910
i-th:17,bais>>>change:       1,trainCost:   1.1875
i-th:17,bais>>>change:       1,trainCost:   1.1840
i-th:17,bais>>>change:       1,trainCost:   1.1805
i-th:17,bais>>>change:       1,trainCost:   1.1770
i-th:18,user>>>change:       0,trainCost:   1.1751
i-th:18,item>>>change:       0,trainCost:   1.1733
i-th:18,item>>>change:       0,trainCost:   1.1714
i-th:18,bais>>>change:       1,trainCost:   1.1680
i-th:18,bais>>>change:       1,trainCost:   1.1646
i-th:18,bais>>>change:       1,trainCost:   1.1612
i-th:18,bais>>>change:       1,trainCost:   1.1578
i-th:18,bais>>>change:       1,trainCost:   1.1544
i-th:19,user>>>change:       0,trainCost:   1.1526
i-th:19,item>>>change:       0,trainCost:   1.1508
i-th:19,item>>>change:       0,trainCost:   1.1490
i-th:19,bais>>>change:       1,trainCost:   1.1457
i-th:19,bais>>>change:       1,trainCost:   1.1424
i-th:19,bais>>>change:       1,trainCost:   1.1391
i-th:19,bais>>>change:       1,trainCost:   1.1359
i-th:19,bais>>>change:       1,trainCost:   1.1327
i-th:20,user>>>change:       0,trainCost:   1.1309
i-th:20,item>>>change:       0,trainCost:   1.1291
i-th:20,item>>>change:       0,trainCost:   1.1274
i-th:20,bais>>>change:       1,trainCost:   1.1242
i-th:20,bais>>>change:       1,trainCost:   1.1210
i-th:20,bais>>>change:       1,trainCost:   1.1178
i-th:20,bais>>>change:       1,trainCost:   1.1147
i-th:20,bais>>>change:       1,trainCost:   1.1115
i-th:21,user>>>change:       0,trainCost:   1.1098
i-th:21,item>>>change:       0,trainCost:   1.1081
i-th:21,item>>>change:       0,trainCost:   1.1064
i-th:21,bais>>>change:       1,trainCost:   1.1033
i-th:21,bais>>>change:       1,trainCost:   1.1002
i-th:21,bais>>>change:       1,trainCost:   1.0972
i-th:21,bais>>>change:       1,trainCost:   1.0941
i-th:21,bais>>>change:       1,trainCost:   1.0911
i-th:22,user>>>change:       0,trainCost:   1.0894
i-th:22,item>>>change:       0,trainCost:   1.0877
i-th:22,item>>>change:       0,trainCost:   1.0860
i-th:22,bais>>>change:       1,trainCost:   1.0830
i-th:22,bais>>>change:       1,trainCost:   1.0801
i-th:22,bais>>>change:       1,trainCost:   1.0771
i-th:22,bais>>>change:       1,trainCost:   1.0741
i-th:22,bais>>>change:       1,trainCost:   1.0712
i-th:23,user>>>change:       0,trainCost:   1.0695
i-th:23,item>>>change:       0,trainCost:   1.0679
i-th:23,item>>>change:       0,trainCost:   1.0663
i-th:23,bais>>>change:       1,trainCost:   1.0634
i-th:23,bais>>>change:       1,trainCost:   1.0605
i-th:23,bais>>>change:       1,trainCost:   1.0576
i-th:23,bais>>>change:       1,trainCost:   1.0547
i-th:23,bais>>>change:       1,trainCost:   1.0519
i-th:24,user>>>change:       0,trainCost:   1.0502
i-th:24,item>>>change:       0,trainCost:   1.0486
i-th:24,item>>>change:       0,trainCost:   1.0471
i-th:24,bais>>>change:       1,trainCost:   1.0442
i-th:24,bais>>>change:       1,trainCost:   1.0414
i-th:24,bais>>>change:       1,trainCost:   1.0386
i-th:24,bais>>>change:       1,trainCost:   1.0358
i-th:24,bais>>>change:       1,trainCost:   1.0330
i-th:25,user>>>change:       0,trainCost:   1.0314
i-th:25,item>>>change:       0,trainCost:   1.0299
i-th:25,item>>>change:       0,trainCost:   1.0284
i-th:25,bais>>>change:       1,trainCost:   1.0256
i-th:25,bais>>>change:       1,trainCost:   1.0229
i-th:25,bais>>>change:       1,trainCost:   1.0201
i-th:25,bais>>>change:       1,trainCost:   1.0174
i-th:25,bais>>>change:       1,trainCost:   1.0147
i-th:26,user>>>change:       0,trainCost:   1.0131
i-th:26,item>>>change:       0,trainCost:   1.0116
i-th:26,item>>>change:       0,trainCost:   1.0101
i-th:26,bais>>>change:       1,trainCost:   1.0075
i-th:26,bais>>>change:       1,trainCost:   1.0048
i-th:26,bais>>>change:       1,trainCost:   1.0021
i-th:26,bais>>>change:       1,trainCost:   0.9995
i-th:26,bais>>>change:       1,trainCost:   0.9969
i-th:27,user>>>change:       0,trainCost:   0.9953
i-th:27,item>>>change:       0,trainCost:   0.9938
i-th:27,item>>>change:       0,trainCost:   0.9924
i-th:27,bais>>>change:       1,trainCost:   0.9898
i-th:27,bais>>>change:       1,trainCost:   0.9872
i-th:27,bais>>>change:       1,trainCost:   0.9846
i-th:27,bais>>>change:       1,trainCost:   0.9820
i-th:27,bais>>>change:       1,trainCost:   0.9794
i-th:28,user>>>change:       0,trainCost:   0.9779
i-th:28,item>>>change:       0,trainCost:   0.9765
i-th:28,item>>>change:       0,trainCost:   0.9751
i-th:28,bais>>>change:       1,trainCost:   0.9725
i-th:28,bais>>>change:       1,trainCost:   0.9700
i-th:28,bais>>>change:       1,trainCost:   0.9674
i-th:28,bais>>>change:       1,trainCost:   0.9649
i-th:28,bais>>>change:       1,trainCost:   0.9624
i-th:29,user>>>change:       0,trainCost:   0.9609
i-th:29,item>>>change:       0,trainCost:   0.9595
i-th:29,item>>>change:       0,trainCost:   0.9581
i-th:29,bais>>>change:       1,trainCost:   0.9557
i-th:29,bais>>>change:       1,trainCost:   0.9532
i-th:29,bais>>>change:       1,trainCost:   0.9507
i-th:29,bais>>>change:       1,trainCost:   0.9483
i-th:29,bais>>>change:       1,trainCost:   0.9458
----------------------end----------dataName,iterTime,i-th,mincost: arts.txt 30 0 0.945816955164
----------------------model:arts.txt---------------
inputTrainFile: ./train/arts.txt
userCount: 988
itemCount: 218
speed: 0.001
globalBaise: 4.072
regUser: 0.001
regItem: 0.001
regBaise: 0.001
CONST_K: 10
correctCount: 0
trainCount: 1000
userV: 774 [-0.40287831  0.13253971 -0.08639031  0.06182128 -0.00349025  0.0932706
  0.45226029 -0.3358509   0.28836122 -0.1558564 ]
userV: 578 [-0.34617457  0.24037933 -0.05586755 -0.30389158 -0.11797873 -0.18458193
  0.49656538 -0.27853612 -0.21362461  0.30433487]
userV: 394 [ 0.33839889 -0.36470829 -0.46944586 -0.11801216  0.33327413 -0.19483568
 -0.36158827 -0.17263006  0.49041472  0.31265512]
userV: 621 [ 0.19493905  0.13390628 -0.25696449  0.16545547  0.2320586  -0.39310834
  0.03643075  0.41477867 -0.08563181 -0.31351854]
userV: 704 [-0.23030292  0.18966974 -0.23432566 -0.27508566 -0.19297093  0.31568046
  0.3517301  -0.21175592  0.1152759   0.11897847]
userV: 711 [-0.11709759  0.39253678 -0.10997806  0.10698508 -0.444788   -0.30406764
 -0.49162735 -0.44968054 -0.06792881 -0.281972  ]
userV: 111 [ 0.04277797  0.0906325  -0.20341387  0.35957512 -0.26435605 -0.28574776
 -0.03079938 -0.2099412   0.00265146  0.47975187]
userV: 491 [-0.15676295 -0.21841056  0.31926991  0.32166846 -0.46613316 -0.32115885
  0.13668034 -0.17930034  0.44820608 -0.24823211]
userV: 843 [-0.14877425  0.08413963 -0.491071    0.39335008  0.36264795 -0.30913619
 -0.33103245 -0.3117991  -0.22171889  0.0167423 ]
userV: 870 [ 0.02824357  0.15530297  0.49108418  0.06420515  0.14372771  0.27887123
  0.38028932  0.37960301 -0.09032629 -0.20889748]
itemV: 46 [ 0.16716355  0.17568477 -0.12859398 -0.24125051  0.20391307  0.29570737
 -0.46098933 -0.01957244  0.04187644  0.08557886]
itemV: 184 [-0.12423671 -0.33765674 -0.37067193  0.22051523 -0.16224064 -0.42347649
 -0.37594691 -0.0990967   0.18773747 -0.02253296]
itemV: 16 [-0.05820368  0.4038138  -0.01594692 -0.47807812  0.44493958  0.29389596
  0.20534359 -0.47952596 -0.33305436  0.41669702]
itemV: 99 [ 0.07064467 -0.12608632  0.17257918 -0.27400562  0.3227661   0.16984873
 -0.23969402  0.06167799  0.18149084 -0.14998429]
itemV: 118 [-0.50099247  0.18613841  0.33758899 -0.04405988  0.31071306 -0.07794382
 -0.32537817  0.3099725  -0.39539151 -0.25028414]
itemV: 3 [ 0.14764494 -0.21910909 -0.26094573 -0.23880673 -0.00628258  0.49860389
 -0.43504713 -0.14964312  0.07155017  0.16467271]
itemV: 46 [ 0.16716355  0.17568477 -0.12859398 -0.24125051  0.20391307  0.29570737
 -0.46098933 -0.01957244  0.04187644  0.08557886]
itemV: 43 [ 0.3449609   0.37696754 -0.49140373  0.2498131   0.23915658 -0.32984393
 -0.27277565  0.28964963  0.05754919  0.30958027]
itemV: 77 [ 0.24087781 -0.44657985 -0.39610325 -0.31110664 -0.0419248  -0.04187317
 -0.09623286  0.00808586 -0.18664418 -0.01645134]
itemV: 16 [-0.05820368  0.4038138  -0.01594692 -0.47807812  0.44493958  0.29389596
  0.20534359 -0.47952596 -0.33305436  0.41669702]
userBaise: 214 -0.405553805356
userBaise: 421 -0.0102745268418
userBaise: 102 0.233204226184
userBaise: 878 0.192785788812
userBaise: 49 -0.100393364912
userBaise: 34 -0.29830208194
userBaise: 417 0.252689709609
userBaise: 874 0.133431008924
userBaise: 161 -0.363152970124
userBaise: 604 -0.20119138904
itemBaise: 24 -0.0104091996689
itemBaise: 154 0.0640476472486
itemBaise: 165 0.0515278158934
itemBaise: 48 -0.267658745035
itemBaise: 148 0.04025471308
itemBaise: 217 0.00963714894523
itemBaise: 95 0.177137546331
itemBaise: 133 0.0474916036314
itemBaise: 213 0.133882526382
itemBaise: 96 0.0538262874863
-end-all--:dataName,iterTime,min,avg,file: arts.txt 30 0.945816955164 0.945816955164 ./train/arts.txt
